0 info it worked if it ends with ok
1 verbose cli [ '/usr/local/Cellar/node/6.6.0/bin/node',
1 verbose cli   '/usr/local/bin/npm',
1 verbose cli   'install' ]
2 info using npm@3.10.7
3 info using node@v6.6.0
4 silly loadCurrentTree Starting
5 silly install loadCurrentTree
6 silly install readLocalPackageData
7 silly install normalizeTree
8 silly loadCurrentTree Finishing
9 silly loadIdealTree Starting
10 silly install loadIdealTree
11 silly cloneCurrentTree Starting
12 silly install cloneCurrentTreeToIdealTree
13 silly cloneCurrentTree Finishing
14 silly loadShrinkwrap Starting
15 silly install loadShrinkwrap
16 silly loadShrinkwrap Finishing
17 silly loadAllDepsIntoIdealTree Starting
18 silly install loadAllDepsIntoIdealTree
19 silly fetchNamedPackageData b-spline
20 silly mapToRegistry name b-spline
21 silly mapToRegistry using default registry
22 silly mapToRegistry registry https://registry.npmjs.org/
23 silly mapToRegistry data Result {
23 silly mapToRegistry   raw: 'b-spline',
23 silly mapToRegistry   scope: null,
23 silly mapToRegistry   escapedName: 'b-spline',
23 silly mapToRegistry   name: 'b-spline',
23 silly mapToRegistry   rawSpec: '',
23 silly mapToRegistry   spec: 'latest',
23 silly mapToRegistry   type: 'tag' }
24 silly mapToRegistry uri https://registry.npmjs.org/b-spline
25 silly fetchNamedPackageData webppl-daipp
26 silly mapToRegistry name webppl-daipp
27 silly mapToRegistry using default registry
28 silly mapToRegistry registry https://registry.npmjs.org/
29 silly mapToRegistry data Result {
29 silly mapToRegistry   raw: 'webppl-daipp',
29 silly mapToRegistry   scope: null,
29 silly mapToRegistry   escapedName: 'webppl-daipp',
29 silly mapToRegistry   name: 'webppl-daipp',
29 silly mapToRegistry   rawSpec: '',
29 silly mapToRegistry   spec: 'latest',
29 silly mapToRegistry   type: 'tag' }
30 silly mapToRegistry uri https://registry.npmjs.org/webppl-daipp
31 verbose request uri https://registry.npmjs.org/b-spline
32 verbose request no auth needed
33 info attempt registry request try #1 at 12:52:52 AM
34 verbose request id f78d82a69717512b
35 http request GET https://registry.npmjs.org/b-spline
36 verbose request uri https://registry.npmjs.org/webppl-daipp
37 verbose request no auth needed
38 info attempt registry request try #1 at 12:52:52 AM
39 http request GET https://registry.npmjs.org/webppl-daipp
40 http 200 https://registry.npmjs.org/b-spline
41 verbose headers { server: 'CouchDB/1.5.0 (Erlang OTP/R16B03)',
41 verbose headers   etag: '"4KH8MED1F4CWURUVSFZC4M0A0"',
41 verbose headers   'content-type': 'application/json',
41 verbose headers   'content-encoding': 'gzip',
41 verbose headers   'cache-control': 'max-age=300',
41 verbose headers   'content-length': '3379',
41 verbose headers   'accept-ranges': 'bytes',
41 verbose headers   date: 'Thu, 29 Sep 2016 04:52:53 GMT',
41 verbose headers   via: '1.1 varnish',
41 verbose headers   age: '0',
41 verbose headers   connection: 'keep-alive',
41 verbose headers   'x-served-by': 'cache-bos8235-BOS',
41 verbose headers   'x-cache': 'MISS',
41 verbose headers   'x-cache-hits': '0',
41 verbose headers   'x-timer': 'S1475124772.844011,VS0,VE161',
41 verbose headers   vary: 'Accept-Encoding' }
42 silly get cb [ 200,
42 silly get   { server: 'CouchDB/1.5.0 (Erlang OTP/R16B03)',
42 silly get     etag: '"4KH8MED1F4CWURUVSFZC4M0A0"',
42 silly get     'content-type': 'application/json',
42 silly get     'content-encoding': 'gzip',
42 silly get     'cache-control': 'max-age=300',
42 silly get     'content-length': '3379',
42 silly get     'accept-ranges': 'bytes',
42 silly get     date: 'Thu, 29 Sep 2016 04:52:53 GMT',
42 silly get     via: '1.1 varnish',
42 silly get     age: '0',
42 silly get     connection: 'keep-alive',
42 silly get     'x-served-by': 'cache-bos8235-BOS',
42 silly get     'x-cache': 'MISS',
42 silly get     'x-cache-hits': '0',
42 silly get     'x-timer': 'S1475124772.844011,VS0,VE161',
42 silly get     vary: 'Accept-Encoding' } ]
43 verbose get saving b-spline to /Users/lbh/.npm/registry.npmjs.org/b-spline/.cache.json
44 verbose correctMkdir /Users/lbh/.npm correctMkdir not in flight; initializing
45 silly resolveWithNewModule b-spline@1.0.7 checking installable status
46 silly cache add args [ 'b-spline@^1.0.5', null ]
47 verbose cache add spec b-spline@^1.0.5
48 silly cache add parsed spec Result {
48 silly cache add   raw: 'b-spline@^1.0.5',
48 silly cache add   scope: null,
48 silly cache add   escapedName: 'b-spline',
48 silly cache add   name: 'b-spline',
48 silly cache add   rawSpec: '^1.0.5',
48 silly cache add   spec: '>=1.0.5 <2.0.0',
48 silly cache add   type: 'range' }
49 silly addNamed b-spline@>=1.0.5 <2.0.0
50 verbose addNamed ">=1.0.5 <2.0.0" is a valid semver range for b-spline
51 silly addNameRange { name: 'b-spline', range: '>=1.0.5 <2.0.0', hasData: false }
52 silly mapToRegistry name b-spline
53 silly mapToRegistry using default registry
54 silly mapToRegistry registry https://registry.npmjs.org/
55 silly mapToRegistry data Result {
55 silly mapToRegistry   raw: 'b-spline',
55 silly mapToRegistry   scope: null,
55 silly mapToRegistry   escapedName: 'b-spline',
55 silly mapToRegistry   name: 'b-spline',
55 silly mapToRegistry   rawSpec: '',
55 silly mapToRegistry   spec: 'latest',
55 silly mapToRegistry   type: 'tag' }
56 silly mapToRegistry uri https://registry.npmjs.org/b-spline
57 verbose addNameRange registry:https://registry.npmjs.org/b-spline not in flight; fetching
58 verbose get https://registry.npmjs.org/b-spline not expired, no request
59 silly addNameRange number 2 { name: 'b-spline', range: '>=1.0.5 <2.0.0', hasData: true }
60 silly addNameRange versions [ 'b-spline',
60 silly addNameRange   [ '1.0.0',
60 silly addNameRange     '1.0.1',
60 silly addNameRange     '1.0.2',
60 silly addNameRange     '1.0.3',
60 silly addNameRange     '1.0.4',
60 silly addNameRange     '1.0.5',
60 silly addNameRange     '1.0.6',
60 silly addNameRange     '1.0.7',
60 silly addNameRange     '2.0.0',
60 silly addNameRange     '2.0.1' ] ]
61 silly addNamed b-spline@1.0.7
62 verbose addNamed "1.0.7" is a plain semver version for b-spline
63 silly mapToRegistry name b-spline
64 silly mapToRegistry using default registry
65 silly mapToRegistry registry https://registry.npmjs.org/
66 silly mapToRegistry data Result {
66 silly mapToRegistry   raw: 'b-spline',
66 silly mapToRegistry   scope: null,
66 silly mapToRegistry   escapedName: 'b-spline',
66 silly mapToRegistry   name: 'b-spline',
66 silly mapToRegistry   rawSpec: '',
66 silly mapToRegistry   spec: 'latest',
66 silly mapToRegistry   type: 'tag' }
67 silly mapToRegistry uri https://registry.npmjs.org/b-spline
68 verbose addRemoteTarball https://registry.npmjs.org/b-spline/-/b-spline-1.0.7.tgz not in flight; adding
69 verbose addRemoteTarball [ 'https://registry.npmjs.org/b-spline/-/b-spline-1.0.7.tgz',
69 verbose addRemoteTarball   '16bd75a1fefc82ca609c5dee162bb47c3619e0ba' ]
70 info retry fetch attempt 1 at 12:52:53 AM
71 info attempt registry request try #1 at 12:52:53 AM
72 http fetch GET https://registry.npmjs.org/b-spline/-/b-spline-1.0.7.tgz
73 http fetch 200 https://registry.npmjs.org/b-spline/-/b-spline-1.0.7.tgz
74 silly fetchAndShaCheck shasum 16bd75a1fefc82ca609c5dee162bb47c3619e0ba
75 verbose addTmpTarball /var/folders/2q/0pf_fvf10zv61fn3yzbm1tyr0000gn/T/npm-15571-9ada0cf0/registry.npmjs.org/b-spline/-/b-spline-1.0.7.tgz not in flight; adding
76 verbose addTmpTarball already have metadata; skipping unpack for b-spline@1.0.7
77 verbose correctMkdir /Users/lbh/.npm correctMkdir not in flight; initializing
78 silly cache afterAdd b-spline@1.0.7
79 verbose afterAdd /Users/lbh/.npm/b-spline/1.0.7/package/package.json not in flight; writing
80 verbose correctMkdir /Users/lbh/.npm correctMkdir not in flight; initializing
81 verbose afterAdd /Users/lbh/.npm/b-spline/1.0.7/package/package.json written
82 http 404 https://registry.npmjs.org/webppl-daipp
83 verbose headers { 'content-type': 'application/json',
83 verbose headers   'cache-control': 'max-age=0',
83 verbose headers   'content-length': '2',
83 verbose headers   'accept-ranges': 'bytes',
83 verbose headers   date: 'Thu, 29 Sep 2016 04:52:53 GMT',
83 verbose headers   via: '1.1 varnish',
83 verbose headers   age: '0',
83 verbose headers   connection: 'keep-alive',
83 verbose headers   'x-served-by': 'cache-bos8232-BOS',
83 verbose headers   'x-cache': 'MISS',
83 verbose headers   'x-cache-hits': '0',
83 verbose headers   'x-timer': 'S1475124772.843950,VS0,VE446',
83 verbose headers   vary: 'Accept-Encoding' }
84 silly get cb [ 404,
84 silly get   { 'content-type': 'application/json',
84 silly get     'cache-control': 'max-age=0',
84 silly get     'content-length': '2',
84 silly get     'accept-ranges': 'bytes',
84 silly get     date: 'Thu, 29 Sep 2016 04:52:53 GMT',
84 silly get     via: '1.1 varnish',
84 silly get     age: '0',
84 silly get     connection: 'keep-alive',
84 silly get     'x-served-by': 'cache-bos8232-BOS',
84 silly get     'x-cache': 'MISS',
84 silly get     'x-cache-hits': '0',
84 silly get     'x-timer': 'S1475124772.843950,VS0,VE446',
84 silly get     vary: 'Accept-Encoding' } ]
85 silly fetchPackageMetaData Error: Registry returned 404 for GET on https://registry.npmjs.org/webppl-daipp
85 silly fetchPackageMetaData     at makeError (/usr/local/lib/node_modules/npm/node_modules/npm-registry-client/lib/request.js:264:12)
85 silly fetchPackageMetaData     at CachingRegistryClient.<anonymous> (/usr/local/lib/node_modules/npm/node_modules/npm-registry-client/lib/request.js:242:14)
85 silly fetchPackageMetaData     at Request._callback (/usr/local/lib/node_modules/npm/node_modules/npm-registry-client/lib/request.js:172:14)
85 silly fetchPackageMetaData     at Request.self.callback (/usr/local/lib/node_modules/npm/node_modules/request/request.js:187:22)
85 silly fetchPackageMetaData     at emitTwo (events.js:106:13)
85 silly fetchPackageMetaData     at Request.emit (events.js:191:7)
85 silly fetchPackageMetaData     at Request.<anonymous> (/usr/local/lib/node_modules/npm/node_modules/request/request.js:1044:10)
85 silly fetchPackageMetaData     at emitOne (events.js:96:13)
85 silly fetchPackageMetaData     at Request.emit (events.js:188:7)
85 silly fetchPackageMetaData     at IncomingMessage.<anonymous> (/usr/local/lib/node_modules/npm/node_modules/request/request.js:965:12)
85 silly fetchPackageMetaData  error for webppl-daipp@0 { Error: Registry returned 404 for GET on https://registry.npmjs.org/webppl-daipp
85 silly fetchPackageMetaData     at makeError (/usr/local/lib/node_modules/npm/node_modules/npm-registry-client/lib/request.js:264:12)
85 silly fetchPackageMetaData     at CachingRegistryClient.<anonymous> (/usr/local/lib/node_modules/npm/node_modules/npm-registry-client/lib/request.js:242:14)
85 silly fetchPackageMetaData     at Request._callback (/usr/local/lib/node_modules/npm/node_modules/npm-registry-client/lib/request.js:172:14)
85 silly fetchPackageMetaData     at Request.self.callback (/usr/local/lib/node_modules/npm/node_modules/request/request.js:187:22)
85 silly fetchPackageMetaData     at emitTwo (events.js:106:13)
85 silly fetchPackageMetaData     at Request.emit (events.js:191:7)
85 silly fetchPackageMetaData     at Request.<anonymous> (/usr/local/lib/node_modules/npm/node_modules/request/request.js:1044:10)
85 silly fetchPackageMetaData     at emitOne (events.js:96:13)
85 silly fetchPackageMetaData     at Request.emit (events.js:188:7)
85 silly fetchPackageMetaData     at IncomingMessage.<anonymous> (/usr/local/lib/node_modules/npm/node_modules/request/request.js:965:12) pkgid: 'webppl-daipp', statusCode: 404, code: 'E404' }
86 silly rollbackFailedOptional Starting
87 silly rollbackFailedOptional Finishing
88 silly runTopLevelLifecycles Finishing
89 silly install printInstalled
90 verbose stack Error: Registry returned 404 for GET on https://registry.npmjs.org/webppl-daipp
90 verbose stack     at makeError (/usr/local/lib/node_modules/npm/node_modules/npm-registry-client/lib/request.js:264:12)
90 verbose stack     at CachingRegistryClient.<anonymous> (/usr/local/lib/node_modules/npm/node_modules/npm-registry-client/lib/request.js:242:14)
90 verbose stack     at Request._callback (/usr/local/lib/node_modules/npm/node_modules/npm-registry-client/lib/request.js:172:14)
90 verbose stack     at Request.self.callback (/usr/local/lib/node_modules/npm/node_modules/request/request.js:187:22)
90 verbose stack     at emitTwo (events.js:106:13)
90 verbose stack     at Request.emit (events.js:191:7)
90 verbose stack     at Request.<anonymous> (/usr/local/lib/node_modules/npm/node_modules/request/request.js:1044:10)
90 verbose stack     at emitOne (events.js:96:13)
90 verbose stack     at Request.emit (events.js:188:7)
90 verbose stack     at IncomingMessage.<anonymous> (/usr/local/lib/node_modules/npm/node_modules/request/request.js:965:12)
91 verbose statusCode 404
92 verbose pkgid webppl-daipp
93 verbose cwd /Users/lbh/Documents/omniglot_old/omniglot.js
94 error Darwin 16.0.0
95 error argv "/usr/local/Cellar/node/6.6.0/bin/node" "/usr/local/bin/npm" "install"
96 error node v6.6.0
97 error npm  v3.10.7
98 error code E404
99 error 404 Registry returned 404 for GET on https://registry.npmjs.org/webppl-daipp
100 error 404
101 error 404 'webppl-daipp' is not in the npm registry.
102 error 404 You should bug the author to publish it (or use the name yourself!)
103 error 404 It was specified as a dependency of 'omniglot'
104 error 404 Note that you can also install from a
105 error 404 tarball, folder, http url, or git url.
106 verbose exit [ 1, true ]
